# JRE version: Java(TM) SE Runtime Environment (8.0_161-b12) (build 1.8.0_161-b12)
# Java VM: Java HotSpot(TM) 64-Bit Server VM (25.161-b12 mixed mode windows-amd64 compressed oops)
Heap:
 PSYoungGen      total 71680K, used 11407K [0x00000000d5600000, 0x00000000da100000, 0x0000000100000000)
  eden space 66560K, 9% used [0x00000000d5600000,0x00000000d5c26540,0x00000000d9700000)
  from space 5120K, 99% used [0x00000000d9c00000,0x00000000da0fd8d0,0x00000000da100000)
  to   space 5120K, 0% used [0x00000000d9700000,0x00000000d9700000,0x00000000d9c00000)
 ParOldGen       total 64512K, used 14625K [0x0000000080200000, 0x0000000084100000, 0x00000000d5600000)
  object space 64512K, 22% used [0x0000000080200000,0x0000000081048540,0x0000000084100000)
 Metaspace       used 26474K, capacity 26802K, committed 27008K, reserved 1073152K
  class space    used 3280K, capacity 3374K, committed 3456K, reserved 1048576K
GC Heap History (10 events):
Event: 8.225 GC heap before
{Heap before GC invocations=3 (full 0):
 PSYoungGen      total 38400K, used 38295K [0x00000000d5600000, 0x00000000da100000, 0x0000000100000000)
  eden space 33280K, 99% used [0x00000000d5600000,0x00000000d766cee8,0x00000000d7680000)
  from space 5120K, 99% used [0x00000000d7b80000,0x00000000d8078d20,0x00000000d8080000)
  to   space 5120K, 0% used [0x00000000d7680000,0x00000000d7680000,0x00000000d7b80000)
 ParOldGen       total 87552K, used 5262K [0x0000000080200000, 0x0000000085780000, 0x00000000d5600000)
  object space 87552K, 6% used [0x0000000080200000,0x0000000080723ae0,0x0000000085780000)
 Metaspace       used 16867K, capacity 17010K, committed 17280K, reserved 1064960K
  class space    used 2086K, capacity 2125K, committed 2176K, reserved 1048576K
Event: 8.340 GC heap after
Heap after GC invocations=3 (full 0):
 PSYoungGen      total 38400K, used 5114K [0x00000000d5600000, 0x00000000da100000, 0x0000000100000000)
  eden space 33280K, 0% used [0x00000000d5600000,0x00000000d5600000,0x00000000d7680000)
  from space 5120K, 99% used [0x00000000d7680000,0x00000000d7b7e870,0x00000000d7b80000)
  to   space 5120K, 0% used [0x00000000d9c00000,0x00000000d9c00000,0x00000000da100000)
 ParOldGen       total 87552K, used 7694K [0x0000000080200000, 0x0000000085780000, 0x00000000d5600000)
  object space 87552K, 8% used [0x0000000080200000,0x0000000080983808,0x0000000085780000)
 Metaspace       used 16867K, capacity 17010K, committed 17280K, reserved 1064960K
  class space    used 2086K, capacity 2125K, committed 2176K, reserved 1048576K
}
Event: 10.338 GC heap before
{Heap before GC invocations=4 (full 0):
 PSYoungGen      total 38400K, used 38394K [0x00000000d5600000, 0x00000000da100000, 0x0000000100000000)
  eden space 33280K, 100% used [0x00000000d5600000,0x00000000d7680000,0x00000000d7680000)
  from space 5120K, 99% used [0x00000000d7680000,0x00000000d7b7e870,0x00000000d7b80000)
  to   space 5120K, 0% used [0x00000000d9c00000,0x00000000d9c00000,0x00000000da100000)
 ParOldGen       total 87552K, used 7694K [0x0000000080200000, 0x0000000085780000, 0x00000000d5600000)
  object space 87552K, 8% used [0x0000000080200000,0x0000000080983808,0x0000000085780000)
 Metaspace       used 19283K, capacity 19592K, committed 19712K, reserved 1067008K
  class space    used 2381K, capacity 2471K, committed 2560K, reserved 1048576K
Event: 10.369 GC heap after
Heap after GC invocations=4 (full 0):
 PSYoungGen      total 71680K, used 5104K [0x00000000d5600000, 0x00000000da100000, 0x0000000100000000)
  eden space 66560K, 0% used [0x00000000d5600000,0x00000000d5600000,0x00000000d9700000)
  from space 5120K, 99% used [0x00000000d9c00000,0x00000000da0fc010,0x00000000da100000)
  to   space 5120K, 0% used [0x00000000d9700000,0x00000000d9700000,0x00000000d9c00000)
 ParOldGen       total 87552K, used 9926K [0x0000000080200000, 0x0000000085780000, 0x00000000d5600000)
  object space 87552K, 11% used [0x0000000080200000,0x0000000080bb1bc0,0x0000000085780000)
 Metaspace       used 19283K, capacity 19592K, committed 19712K, reserved 1067008K
  class space    used 2381K, capacity 2471K, committed 2560K, reserved 1048576K
}
Event: 11.457 GC heap before
{Heap before GC invocations=5 (full 0):
 PSYoungGen      total 71680K, used 22152K [0x00000000d5600000, 0x00000000da100000, 0x0000000100000000)
  eden space 66560K, 25% used [0x00000000d5600000,0x00000000d66a6288,0x00000000d9700000)
  from space 5120K, 99% used [0x00000000d9c00000,0x00000000da0fc010,0x00000000da100000)
  to   space 5120K, 0% used [0x00000000d9700000,0x00000000d9700000,0x00000000d9c00000)
 ParOldGen       total 87552K, used 9926K [0x0000000080200000, 0x0000000085780000, 0x00000000d5600000)
  object space 87552K, 11% used [0x0000000080200000,0x0000000080bb1bc0,0x0000000085780000)
 Metaspace       used 20883K, capacity 21096K, committed 21248K, reserved 1067008K
  class space    used 2597K, capacity 2695K, committed 2816K, reserved 1048576K
Event: 11.521 GC heap after
Heap after GC invocations=5 (full 0):
 PSYoungGen      total 71680K, used 5120K [0x00000000d5600000, 0x00000000da100000, 0x0000000100000000)
  eden space 66560K, 0% used [0x00000000d5600000,0x00000000d5600000,0x00000000d9700000)
  from space 5120K, 100% used [0x00000000d9700000,0x00000000d9c00000,0x00000000d9c00000)
  to   space 5120K, 0% used [0x00000000d9c00000,0x00000000d9c00000,0x00000000da100000)
 ParOldGen       total 87552K, used 11945K [0x0000000080200000, 0x0000000085780000, 0x00000000d5600000)
  object space 87552K, 13% used [0x0000000080200000,0x0000000080daa4a0,0x0000000085780000)
 Metaspace       used 20883K, capacity 21096K, committed 21248K, reserved 1067008K
  class space    used 2597K, capacity 2695K, committed 2816K, reserved 1048576K
}
Event: 11.521 GC heap before
{Heap before GC invocations=6 (full 1):
 PSYoungGen      total 71680K, used 5120K [0x00000000d5600000, 0x00000000da100000, 0x0000000100000000)
  eden space 66560K, 0% used [0x00000000d5600000,0x00000000d5600000,0x00000000d9700000)
  from space 5120K, 100% used [0x00000000d9700000,0x00000000d9c00000,0x00000000d9c00000)
  to   space 5120K, 0% used [0x00000000d9c00000,0x00000000d9c00000,0x00000000da100000)
 ParOldGen       total 87552K, used 11945K [0x0000000080200000, 0x0000000085780000, 0x00000000d5600000)
  object space 87552K, 13% used [0x0000000080200000,0x0000000080daa4a0,0x0000000085780000)
 Metaspace       used 20883K, capacity 21096K, committed 21248K, reserved 1067008K
  class space    used 2597K, capacity 2695K, committed 2816K, reserved 1048576K
Event: 11.841 GC heap after
Heap after GC invocations=6 (full 1):
 PSYoungGen      total 71680K, used 0K [0x00000000d5600000, 0x00000000da100000, 0x0000000100000000)
  eden space 66560K, 0% used [0x00000000d5600000,0x00000000d5600000,0x00000000d9700000)
  from space 5120K, 0% used [0x00000000d9700000,0x00000000d9700000,0x00000000d9c00000)
  to   space 5120K, 0% used [0x00000000d9c00000,0x00000000d9c00000,0x00000000da100000)
 ParOldGen       total 64512K, used 12215K [0x0000000080200000, 0x0000000084100000, 0x00000000d5600000)
  object space 64512K, 18% used [0x0000000080200000,0x0000000080dedfa0,0x0000000084100000)
 Metaspace       used 20883K, capacity 21096K, committed 21248K, reserved 1067008K
  class space    used 2597K, capacity 2695K, committed 2816K, reserved 1048576K
}
Event: 22.888 GC heap before
{Heap before GC invocations=7 (full 1):
 PSYoungGen      total 71680K, used 66560K [0x00000000d5600000, 0x00000000da100000, 0x0000000100000000)
  eden space 66560K, 100% used [0x00000000d5600000,0x00000000d9700000,0x00000000d9700000)
  from space 5120K, 0% used [0x00000000d9700000,0x00000000d9700000,0x00000000d9c00000)
  to   space 5120K, 0% used [0x00000000d9c00000,0x00000000d9c00000,0x00000000da100000)
 ParOldGen       total 64512K, used 12215K [0x0000000080200000, 0x0000000084100000, 0x00000000d5600000)
  object space 64512K, 18% used [0x0000000080200000,0x0000000080dedfa0,0x0000000084100000)
 Metaspace       used 26266K, capacity 26560K, committed 26752K, reserved 1073152K
  class space    used 3259K, capacity 3339K, committed 3456K, reserved 1048576K
Event: 22.982 GC heap after
Heap after GC invocations=7 (full 1):
 PSYoungGen      total 71680K, used 5110K [0x00000000d5600000, 0x00000000da100000, 0x0000000100000000)
  eden space 66560K, 0% used [0x00000000d5600000,0x00000000d5600000,0x00000000d9700000)
  from space 5120K, 99% used [0x00000000d9c00000,0x00000000da0fd8d0,0x00000000da100000)
  to   space 5120K, 0% used [0x00000000d9700000,0x00000000d9700000,0x00000000d9c00000)
 ParOldGen       total 64512K, used 14625K [0x0000000080200000, 0x0000000084100000, 0x00000000d5600000)
  object space 64512K, 22% used [0x0000000080200000,0x0000000081048540,0x0000000084100000)
 Metaspace       used 26266K, capacity 26560K, committed 26752K, reserved 1073152K
  class space    used 3259K, capacity 3339K, committed 3456K, reserved 1048576K
}

